2018-11-3013:25:06.322 INFO  com.program.admin.Application Line:48  - Starting Application on cuipp with PID 14944 (F:\tool\workspace\cc-program-project\server\cc-admin-server\target\classes started by cuipp22399 in F:\tool\workspace\cc-program-project)
2018-11-3013:25:06.322 INFO  com.program.admin.Application Line:48  - Starting Application on cuipp with PID 14944 (F:\tool\workspace\cc-program-project\server\cc-admin-server\target\classes started by cuipp22399 in F:\tool\workspace\cc-program-project)
2018-11-3013:25:06.326 DEBUG com.program.admin.Application Line:51  - Running with Spring Boot v1.5.9.RELEASE, Spring v4.3.13.RELEASE
2018-11-3013:25:06.326 DEBUG com.program.admin.Application Line:51  - Running with Spring Boot v1.5.9.RELEASE, Spring v4.3.13.RELEASE
2018-11-3013:25:06.328 INFO  com.program.admin.Application Line:593 - No active profile set, falling back to default profiles: default
2018-11-3013:25:06.328 INFO  com.program.admin.Application Line:593 - No active profile set, falling back to default profiles: default
2018-11-3013:25:06.413 INFO  org.hibernate.validator.internal.util.Version Line:30  - HV000001: Hibernate Validator 5.3.6.Final
2018-11-3013:25:06.614 INFO  org.springframework.boot.context.embedded.AnnotationConfigEmbeddedWebApplicationContext Line:583 - Refreshing org.springframework.boot.context.embedded.AnnotationConfigEmbeddedWebApplicationContext@22bac7bc: startup date [Fri Nov 30 13:25:06 GMT+08:00 2018]; root of context hierarchy
2018-11-3013:25:07.156 INFO  org.springframework.data.repository.config.RepositoryConfigurationDelegate Line:165 - Multiple Spring Data modules found, entering strict repository configuration mode!
2018-11-3013:25:07.265 WARN  org.springframework.context.annotation.ConfigurationClassPostProcessor Line:373 - Cannot enhance @Configuration bean definition 'myBatisScannerConfig' since its singleton instance has been created too early. The typical cause is a non-static @Bean method with a BeanDefinitionRegistryPostProcessor return type: Consider declaring such methods as 'static'.
2018-11-3013:25:07.495 WARN  org.springframework.boot.context.embedded.AnnotationConfigEmbeddedWebApplicationContext Line:551 - Exception encountered during context initialization - cancelling refresh attempt: org.springframework.context.ApplicationContextException: Unable to start embedded container; nested exception is org.springframework.context.ApplicationContextException: Unable to start EmbeddedWebApplicationContext due to missing EmbeddedServletContainerFactory bean.
2018-11-3013:25:07.501 INFO  org.springframework.boot.autoconfigure.logging.AutoConfigurationReportLoggingInitializer Line:101 - 

Error starting ApplicationContext. To display the auto-configuration report re-run your application with 'debug' enabled.
2018-11-3013:25:07.508 ERROR org.springframework.boot.SpringApplication Line:771 - Application startup failed
org.springframework.context.ApplicationContextException: Unable to start embedded container; nested exception is org.springframework.context.ApplicationContextException: Unable to start EmbeddedWebApplicationContext due to missing EmbeddedServletContainerFactory bean.
	at org.springframework.boot.context.embedded.EmbeddedWebApplicationContext.onRefresh(EmbeddedWebApplicationContext.java:137)
	at org.springframework.context.support.AbstractApplicationContext.refresh(AbstractApplicationContext.java:537)
	at org.springframework.boot.context.embedded.EmbeddedWebApplicationContext.refresh(EmbeddedWebApplicationContext.java:122)
	at org.springframework.boot.SpringApplication.refresh(SpringApplication.java:693)
	at org.springframework.boot.SpringApplication.refreshContext(SpringApplication.java:360)
	at org.springframework.boot.SpringApplication.run(SpringApplication.java:303)
	at org.springframework.boot.SpringApplication.run(SpringApplication.java:1118)
	at org.springframework.boot.SpringApplication.run(SpringApplication.java:1107)
	at com.program.admin.Application.main(Application.java:17)
Caused by: org.springframework.context.ApplicationContextException: Unable to start EmbeddedWebApplicationContext due to missing EmbeddedServletContainerFactory bean.
	at org.springframework.boot.context.embedded.EmbeddedWebApplicationContext.getEmbeddedServletContainerFactory(EmbeddedWebApplicationContext.java:189)
	at org.springframework.boot.context.embedded.EmbeddedWebApplicationContext.createEmbeddedServletContainer(EmbeddedWebApplicationContext.java:162)
	at org.springframework.boot.context.embedded.EmbeddedWebApplicationContext.onRefresh(EmbeddedWebApplicationContext.java:134)
	... 8 common frames omitted
